# JRE version: OpenJDK Runtime Environment (8.0_242-b01) (build 1.8.0_242-release-1644-b01)
# Java VM: OpenJDK 64-Bit Server VM (25.242-b01 mixed mode windows-amd64 compressed oops)
Heap:
 PSYoungGen      total 278016K, used 223446K [0x00000000e0000000, 0x00000000f2800000, 0x0000000100000000)
  eden space 259072K, 86% used [0x00000000e0000000,0x00000000eda35860,0x00000000efd00000)
  from space 18944K, 0% used [0x00000000f1580000,0x00000000f1580000,0x00000000f2800000)
  to   space 21504K, 0% used [0x00000000efe00000,0x00000000efe00000,0x00000000f1300000)
 ParOldGen       total 201728K, used 33302K [0x00000000a0000000, 0x00000000ac500000, 0x00000000e0000000)
  object space 201728K, 16% used [0x00000000a0000000,0x00000000a20859d8,0x00000000ac500000)
 Metaspace       used 62041K, capacity 64172K, committed 64472K, reserved 1105920K
  class space    used 8342K, capacity 8863K, committed 8960K, reserved 1048576K
GC Heap History (10 events):
Event: 5.742 GC heap before
{Heap before GC invocations=7 (full 1):
 PSYoungGen      total 139264K, used 31787K [0x00000000e0000000, 0x00000000ebd80000, 0x0000000100000000)
  eden space 128512K, 16% used [0x00000000e0000000,0x00000000e1490010,0x00000000e7d80000)
  from space 10752K, 99% used [0x00000000e7d80000,0x00000000e87fad28,0x00000000e8800000)
  to   space 14336K, 0% used [0x00000000eaf80000,0x00000000eaf80000,0x00000000ebd80000)
 ParOldGen       total 104448K, used 12641K [0x00000000a0000000, 0x00000000a6600000, 0x00000000e0000000)
  object space 104448K, 12% used [0x00000000a0000000,0x00000000a0c58610,0x00000000a6600000)
 Metaspace       used 34584K, capacity 35308K, committed 35456K, reserved 1079296K
  class space    used 4766K, capacity 4982K, committed 4992K, reserved 1048576K
Event: 5.770 GC heap after
Heap after GC invocations=7 (full 1):
 PSYoungGen      total 180224K, used 8546K [0x00000000e0000000, 0x00000000efe00000, 0x0000000100000000)
  eden space 165888K, 0% used [0x00000000e0000000,0x00000000e0000000,0x00000000ea200000)
  from space 14336K, 59% used [0x00000000eaf80000,0x00000000eb7d88a0,0x00000000ebd80000)
  to   space 13824K, 0% used [0x00000000ea200000,0x00000000ea200000,0x00000000eaf80000)
 ParOldGen       total 104448K, used 12649K [0x00000000a0000000, 0x00000000a6600000, 0x00000000e0000000)
  object space 104448K, 12% used [0x00000000a0000000,0x00000000a0c5a610,0x00000000a6600000)
 Metaspace       used 34584K, capacity 35308K, committed 35456K, reserved 1079296K
  class space    used 4766K, capacity 4982K, committed 4992K, reserved 1048576K
}
Event: 5.770 GC heap before
{Heap before GC invocations=8 (full 2):
 PSYoungGen      total 180224K, used 8546K [0x00000000e0000000, 0x00000000efe00000, 0x0000000100000000)
  eden space 165888K, 0% used [0x00000000e0000000,0x00000000e0000000,0x00000000ea200000)
  from space 14336K, 59% used [0x00000000eaf80000,0x00000000eb7d88a0,0x00000000ebd80000)
  to   space 13824K, 0% used [0x00000000ea200000,0x00000000ea200000,0x00000000eaf80000)
 ParOldGen       total 104448K, used 12649K [0x00000000a0000000, 0x00000000a6600000, 0x00000000e0000000)
  object space 104448K, 12% used [0x00000000a0000000,0x00000000a0c5a610,0x00000000a6600000)
 Metaspace       used 34584K, capacity 35308K, committed 35456K, reserved 1079296K
  class space    used 4766K, capacity 4982K, committed 4992K, reserved 1048576K
Event: 5.849 GC heap after
Heap after GC invocations=8 (full 2):
 PSYoungGen      total 180224K, used 0K [0x00000000e0000000, 0x00000000efe00000, 0x0000000100000000)
  eden space 165888K, 0% used [0x00000000e0000000,0x00000000e0000000,0x00000000ea200000)
  from space 14336K, 0% used [0x00000000eaf80000,0x00000000eaf80000,0x00000000ebd80000)
  to   space 13824K, 0% used [0x00000000ea200000,0x00000000ea200000,0x00000000eaf80000)
 ParOldGen       total 140800K, used 15733K [0x00000000a0000000, 0x00000000a8980000, 0x00000000e0000000)
  object space 140800K, 11% used [0x00000000a0000000,0x00000000a0f5d780,0x00000000a8980000)
 Metaspace       used 34584K, capacity 35308K, committed 35456K, reserved 1079296K
  class space    used 4766K, capacity 4982K, committed 4992K, reserved 1048576K
}
Event: 7.889 GC heap before
{Heap before GC invocations=9 (full 2):
 PSYoungGen      total 180224K, used 165888K [0x00000000e0000000, 0x00000000efe00000, 0x0000000100000000)
  eden space 165888K, 100% used [0x00000000e0000000,0x00000000ea200000,0x00000000ea200000)
  from space 14336K, 0% used [0x00000000eaf80000,0x00000000eaf80000,0x00000000ebd80000)
  to   space 13824K, 0% used [0x00000000ea200000,0x00000000ea200000,0x00000000eaf80000)
 ParOldGen       total 140800K, used 15733K [0x00000000a0000000, 0x00000000a8980000, 0x00000000e0000000)
  object space 140800K, 11% used [0x00000000a0000000,0x00000000a0f5d780,0x00000000a8980000)
 Metaspace       used 50073K, capacity 51346K, committed 51456K, reserved 1093632K
  class space    used 6738K, capacity 7098K, committed 7168K, reserved 1048576K
Event: 7.909 GC heap after
Heap after GC invocations=9 (full 2):
 PSYoungGen      total 179712K, used 13796K [0x00000000e0000000, 0x00000000f2800000, 0x0000000100000000)
  eden space 165888K, 0% used [0x00000000e0000000,0x00000000e0000000,0x00000000ea200000)
  from space 13824K, 99% used [0x00000000ea200000,0x00000000eaf79120,0x00000000eaf80000)
  to   space 18944K, 0% used [0x00000000f1580000,0x00000000f1580000,0x00000000f2800000)
 ParOldGen       total 140800K, used 22837K [0x00000000a0000000, 0x00000000a8980000, 0x00000000e0000000)
  object space 140800K, 16% used [0x00000000a0000000,0x00000000a164d530,0x00000000a8980000)
 Metaspace       used 50073K, capacity 51346K, committed 51456K, reserved 1093632K
  class space    used 6738K, capacity 7098K, committed 7168K, reserved 1048576K
}
Event: 9.188 GC heap before
{Heap before GC invocations=10 (full 2):
 PSYoungGen      total 179712K, used 104100K [0x00000000e0000000, 0x00000000f2800000, 0x0000000100000000)
  eden space 165888K, 54% used [0x00000000e0000000,0x00000000e5830160,0x00000000ea200000)
  from space 13824K, 99% used [0x00000000ea200000,0x00000000eaf79120,0x00000000eaf80000)
  to   space 18944K, 0% used [0x00000000f1580000,0x00000000f1580000,0x00000000f2800000)
 ParOldGen       total 140800K, used 22837K [0x00000000a0000000, 0x00000000a8980000, 0x00000000e0000000)
  object space 140800K, 16% used [0x00000000a0000000,0x00000000a164d530,0x00000000a8980000)
 Metaspace       used 57301K, capacity 58962K, committed 59096K, reserved 1099776K
  class space    used 7771K, capacity 8188K, committed 8192K, reserved 1048576K
Event: 9.208 GC heap after
Heap after GC invocations=10 (full 2):
 PSYoungGen      total 278016K, used 18659K [0x00000000e0000000, 0x00000000f2800000, 0x0000000100000000)
  eden space 259072K, 0% used [0x00000000e0000000,0x00000000e0000000,0x00000000efd00000)
  from space 18944K, 98% used [0x00000000f1580000,0x00000000f27b8f20,0x00000000f2800000)
  to   space 21504K, 0% used [0x00000000efe00000,0x00000000efe00000,0x00000000f1300000)
 ParOldGen       total 140800K, used 22909K [0x00000000a0000000, 0x00000000a8980000, 0x00000000e0000000)
  object space 140800K, 16% used [0x00000000a0000000,0x00000000a165f540,0x00000000a8980000)
 Metaspace       used 57301K, capacity 58962K, committed 59096K, reserved 1099776K
  class space    used 7771K, capacity 8188K, committed 8192K, reserved 1048576K
}
Event: 9.208 GC heap before
{Heap before GC invocations=11 (full 3):
 PSYoungGen      total 278016K, used 18659K [0x00000000e0000000, 0x00000000f2800000, 0x0000000100000000)
  eden space 259072K, 0% used [0x00000000e0000000,0x00000000e0000000,0x00000000efd00000)
  from space 18944K, 98% used [0x00000000f1580000,0x00000000f27b8f20,0x00000000f2800000)
  to   space 21504K, 0% used [0x00000000efe00000,0x00000000efe00000,0x00000000f1300000)
 ParOldGen       total 140800K, used 22909K [0x00000000a0000000, 0x00000000a8980000, 0x00000000e0000000)
  object space 140800K, 16% used [0x00000000a0000000,0x00000000a165f540,0x00000000a8980000)
 Metaspace       used 57301K, capacity 58962K, committed 59096K, reserved 1099776K
  class space    used 7771K, capacity 8188K, committed 8192K, reserved 1048576K
Event: 9.420 GC heap after
Heap after GC invocations=11 (full 3):
 PSYoungGen      total 278016K, used 0K [0x00000000e0000000, 0x00000000f2800000, 0x0000000100000000)
  eden space 259072K, 0% used [0x00000000e0000000,0x00000000e0000000,0x00000000efd00000)
  from space 18944K, 0% used [0x00000000f1580000,0x00000000f1580000,0x00000000f2800000)
  to   space 21504K, 0% used [0x00000000efe00000,0x00000000efe00000,0x00000000f1300000)
 ParOldGen       total 201728K, used 33302K [0x00000000a0000000, 0x00000000ac500000, 0x00000000e0000000)
  object space 201728K, 16% used [0x00000000a0000000,0x00000000a20859d8,0x00000000ac500000)
 Metaspace       used 57301K, capacity 58962K, committed 59096K, reserved 1099776K
  class space    used 7771K, capacity 8188K, committed 8192K, reserved 1048576K
}

