# JRE version: OpenJDK Runtime Environment (8.0_242-b01) (build 1.8.0_242-release-1644-b01)
# Java VM: OpenJDK 64-Bit Server VM (25.242-b01 mixed mode windows-amd64 compressed oops)
Heap:
 PSYoungGen      total 321536K, used 177983K [0x00000000e0000000, 0x00000000f9700000, 0x0000000100000000)
  eden space 272896K, 60% used [0x00000000e0000000,0x00000000ea0c12e8,0x00000000f0a80000)
  from space 48640K, 27% used [0x00000000f0a80000,0x00000000f178ec60,0x00000000f3a00000)
  to   space 47616K, 0% used [0x00000000f6880000,0x00000000f6880000,0x00000000f9700000)
 ParOldGen       total 301568K, used 42971K [0x00000000a0000000, 0x00000000b2680000, 0x00000000e0000000)
  object space 301568K, 14% used [0x00000000a0000000,0x00000000a29f6f80,0x00000000b2680000)
 Metaspace       used 93535K, capacity 99796K, committed 100096K, reserved 1136640K
  class space    used 11865K, capacity 12970K, committed 13056K, reserved 1048576K
GC Heap History (10 events):
Event: 4976.925 GC heap before
{Heap before GC invocations=29 (full 4):
 PSYoungGen      total 232960K, used 24694K [0x00000000e0000000, 0x00000000f3a00000, 0x0000000100000000)
  eden space 184832K, 0% used [0x00000000e0000000,0x00000000e0000000,0x00000000eb480000)
  from space 48128K, 51% used [0x00000000eb480000,0x00000000ecc9d850,0x00000000ee380000)
  to   space 46592K, 0% used [0x00000000f0c80000,0x00000000f0c80000,0x00000000f3a00000)
 ParOldGen       total 268288K, used 54307K [0x00000000a0000000, 0x00000000b0600000, 0x00000000e0000000)
  object space 268288K, 20% used [0x00000000a0000000,0x00000000a3508d28,0x00000000b0600000)
 Metaspace       used 92408K, capacity 98392K, committed 98496K, reserved 1134592K
  class space    used 11797K, capacity 12827K, committed 12928K, reserved 1048576K
Event: 4977.223 GC heap after
Heap after GC invocations=29 (full 4):
 PSYoungGen      total 232960K, used 0K [0x00000000e0000000, 0x00000000f3a00000, 0x0000000100000000)
  eden space 184832K, 0% used [0x00000000e0000000,0x00000000e0000000,0x00000000eb480000)
  from space 48128K, 0% used [0x00000000eb480000,0x00000000eb480000,0x00000000ee380000)
  to   space 46592K, 0% used [0x00000000f0c80000,0x00000000f0c80000,0x00000000f3a00000)
 ParOldGen       total 301568K, used 42947K [0x00000000a0000000, 0x00000000b2680000, 0x00000000e0000000)
  object space 301568K, 14% used [0x00000000a0000000,0x00000000a29f0f80,0x00000000b2680000)
 Metaspace       used 91992K, capacity 97584K, committed 98496K, reserved 1134592K
  class space    used 11707K, capacity 12663K, committed 12928K, reserved 1048576K
}
Event: 5105.479 GC heap before
{Heap before GC invocations=30 (full 4):
 PSYoungGen      total 232960K, used 184832K [0x00000000e0000000, 0x00000000f3a00000, 0x0000000100000000)
  eden space 184832K, 100% used [0x00000000e0000000,0x00000000eb480000,0x00000000eb480000)
  from space 48128K, 0% used [0x00000000eb480000,0x00000000eb480000,0x00000000ee380000)
  to   space 46592K, 0% used [0x00000000f0c80000,0x00000000f0c80000,0x00000000f3a00000)
 ParOldGen       total 301568K, used 42947K [0x00000000a0000000, 0x00000000b2680000, 0x00000000e0000000)
  object space 301568K, 14% used [0x00000000a0000000,0x00000000a29f0f80,0x00000000b2680000)
 Metaspace       used 92340K, capacity 98188K, committed 98752K, reserved 1134592K
  class space    used 11755K, capacity 12751K, committed 12928K, reserved 1048576K
Event: 5105.497 GC heap after
Heap after GC invocations=30 (full 4):
 PSYoungGen      total 273920K, used 8767K [0x00000000e0000000, 0x00000000f3c00000, 0x0000000100000000)
  eden space 227328K, 0% used [0x00000000e0000000,0x00000000e0000000,0x00000000ede00000)
  from space 46592K, 18% used [0x00000000f0c80000,0x00000000f150fd98,0x00000000f3a00000)
  to   space 47616K, 0% used [0x00000000ede00000,0x00000000ede00000,0x00000000f0c80000)
 ParOldGen       total 301568K, used 42955K [0x00000000a0000000, 0x00000000b2680000, 0x00000000e0000000)
  object space 301568K, 14% used [0x00000000a0000000,0x00000000a29f2f80,0x00000000b2680000)
 Metaspace       used 92340K, capacity 98188K, committed 98752K, reserved 1134592K
  class space    used 11755K, capacity 12751K, committed 12928K, reserved 1048576K
}
Event: 5291.486 GC heap before
{Heap before GC invocations=31 (full 4):
 PSYoungGen      total 273920K, used 236095K [0x00000000e0000000, 0x00000000f3c00000, 0x0000000100000000)
  eden space 227328K, 100% used [0x00000000e0000000,0x00000000ede00000,0x00000000ede00000)
  from space 46592K, 18% used [0x00000000f0c80000,0x00000000f150fd98,0x00000000f3a00000)
  to   space 47616K, 0% used [0x00000000ede00000,0x00000000ede00000,0x00000000f0c80000)
 ParOldGen       total 301568K, used 42955K [0x00000000a0000000, 0x00000000b2680000, 0x00000000e0000000)
  object space 301568K, 14% used [0x00000000a0000000,0x00000000a29f2f80,0x00000000b2680000)
 Metaspace       used 92756K, capacity 98738K, committed 98944K, reserved 1134592K
  class space    used 11799K, capacity 12826K, committed 12928K, reserved 1048576K
Event: 5291.504 GC heap after
Heap after GC invocations=31 (full 4):
 PSYoungGen      total 274944K, used 9423K [0x00000000e0000000, 0x00000000f6c80000, 0x0000000100000000)
  eden space 227328K, 0% used [0x00000000e0000000,0x00000000e0000000,0x00000000ede00000)
  from space 47616K, 19% used [0x00000000ede00000,0x00000000ee733db8,0x00000000f0c80000)
  to   space 48128K, 0% used [0x00000000f3d80000,0x00000000f3d80000,0x00000000f6c80000)
 ParOldGen       total 301568K, used 42963K [0x00000000a0000000, 0x00000000b2680000, 0x00000000e0000000)
  object space 301568K, 14% used [0x00000000a0000000,0x00000000a29f4f80,0x00000000b2680000)
 Metaspace       used 92756K, capacity 98738K, committed 98944K, reserved 1134592K
  class space    used 11799K, capacity 12826K, committed 12928K, reserved 1048576K
}
Event: 5459.872 GC heap before
{Heap before GC invocations=32 (full 4):
 PSYoungGen      total 274944K, used 236751K [0x00000000e0000000, 0x00000000f6c80000, 0x0000000100000000)
  eden space 227328K, 100% used [0x00000000e0000000,0x00000000ede00000,0x00000000ede00000)
  from space 47616K, 19% used [0x00000000ede00000,0x00000000ee733db8,0x00000000f0c80000)
  to   space 48128K, 0% used [0x00000000f3d80000,0x00000000f3d80000,0x00000000f6c80000)
 ParOldGen       total 301568K, used 42963K [0x00000000a0000000, 0x00000000b2680000, 0x00000000e0000000)
  object space 301568K, 14% used [0x00000000a0000000,0x00000000a29f4f80,0x00000000b2680000)
 Metaspace       used 92951K, capacity 98982K, committed 99200K, reserved 1136640K
  class space    used 11804K, capacity 12860K, committed 12928K, reserved 1048576K
Event: 5459.890 GC heap after
Heap after GC invocations=32 (full 4):
 PSYoungGen      total 317952K, used 6464K [0x00000000e0000000, 0x00000000f6980000, 0x0000000100000000)
  eden space 272896K, 0% used [0x00000000e0000000,0x00000000e0000000,0x00000000f0a80000)
  from space 45056K, 14% used [0x00000000f3d80000,0x00000000f43d0030,0x00000000f6980000)
  to   space 48640K, 0% used [0x00000000f0a80000,0x00000000f0a80000,0x00000000f3a00000)
 ParOldGen       total 301568K, used 42963K [0x00000000a0000000, 0x00000000b2680000, 0x00000000e0000000)
  object space 301568K, 14% used [0x00000000a0000000,0x00000000a29f4f80,0x00000000b2680000)
 Metaspace       used 92951K, capacity 98982K, committed 99200K, reserved 1136640K
  class space    used 11804K, capacity 12860K, committed 12928K, reserved 1048576K
}
Event: 5956.917 GC heap before
{Heap before GC invocations=33 (full 4):
 PSYoungGen      total 317952K, used 279360K [0x00000000e0000000, 0x00000000f6980000, 0x0000000100000000)
  eden space 272896K, 100% used [0x00000000e0000000,0x00000000f0a80000,0x00000000f0a80000)
  from space 45056K, 14% used [0x00000000f3d80000,0x00000000f43d0030,0x00000000f6980000)
  to   space 48640K, 0% used [0x00000000f0a80000,0x00000000f0a80000,0x00000000f3a00000)
 ParOldGen       total 301568K, used 42963K [0x00000000a0000000, 0x00000000b2680000, 0x00000000e0000000)
  object space 301568K, 14% used [0x00000000a0000000,0x00000000a29f4f80,0x00000000b2680000)
 Metaspace       used 93345K, capacity 99628K, committed 99840K, reserved 1136640K
  class space    used 11861K, capacity 12966K, committed 13056K, reserved 1048576K
Event: 5956.940 GC heap after
Heap after GC invocations=33 (full 4):
 PSYoungGen      total 321536K, used 13371K [0x00000000e0000000, 0x00000000f9700000, 0x0000000100000000)
  eden space 272896K, 0% used [0x00000000e0000000,0x00000000e0000000,0x00000000f0a80000)
  from space 48640K, 27% used [0x00000000f0a80000,0x00000000f178ec60,0x00000000f3a00000)
  to   space 47616K, 0% used [0x00000000f6880000,0x00000000f6880000,0x00000000f9700000)
 ParOldGen       total 301568K, used 42971K [0x00000000a0000000, 0x00000000b2680000, 0x00000000e0000000)
  object space 301568K, 14% used [0x00000000a0000000,0x00000000a29f6f80,0x00000000b2680000)
 Metaspace       used 93345K, capacity 99628K, committed 99840K, reserved 1136640K
  class space    used 11861K, capacity 12966K, committed 13056K, reserved 1048576K
}

