# JRE version: OpenJDK Runtime Environment (8.0_242-b01) (build 1.8.0_242-release-1644-b01)
# Java VM: OpenJDK 64-Bit Server VM (25.242-b01 mixed mode windows-amd64 compressed oops)
Heap:
 PSYoungGen      total 175104K, used 115382K [0x00000000e0000000, 0x00000000ecf80000, 0x0000000100000000)
  eden space 156672K, 65% used [0x00000000e0000000,0x00000000e63b6868,0x00000000e9900000)
  from space 18432K, 72% used [0x00000000e9900000,0x00000000ea5f7038,0x00000000eab00000)
  to   space 18432K, 0% used [0x00000000ebd80000,0x00000000ebd80000,0x00000000ecf80000)
 ParOldGen       total 261120K, used 30771K [0x00000000a0000000, 0x00000000aff00000, 0x00000000e0000000)
  object space 261120K, 11% used [0x00000000a0000000,0x00000000a1e0ce28,0x00000000aff00000)
 Metaspace       used 72692K, capacity 75182K, committed 75352K, reserved 1114112K
  class space    used 9720K, capacity 10296K, committed 10328K, reserved 1048576K
GC Heap History (10 events):
Event: 8.361 GC heap before
{Heap before GC invocations=10 (full 2):
 PSYoungGen      total 108544K, used 108530K [0x00000000e0000000, 0x00000000e9d80000, 0x0000000100000000)
  eden space 95744K, 100% used [0x00000000e0000000,0x00000000e5d80000,0x00000000e5d80000)
  from space 12800K, 99% used [0x00000000e5d80000,0x00000000e69fcbb0,0x00000000e6a00000)
  to   space 14336K, 0% used [0x00000000e8f80000,0x00000000e8f80000,0x00000000e9d80000)
 ParOldGen       total 180736K, used 17464K [0x00000000a0000000, 0x00000000ab080000, 0x00000000e0000000)
  object space 180736K, 9% used [0x00000000a0000000,0x00000000a110e328,0x00000000ab080000)
 Metaspace       used 52817K, capacity 54162K, committed 54272K, reserved 1095680K
  class space    used 7020K, capacity 7396K, committed 7424K, reserved 1048576K
Event: 8.375 GC heap after
Heap after GC invocations=10 (full 2):
 PSYoungGen      total 144384K, used 14329K [0x00000000e0000000, 0x00000000ea080000, 0x0000000100000000)
  eden space 130048K, 0% used [0x00000000e0000000,0x00000000e0000000,0x00000000e7f00000)
  from space 14336K, 99% used [0x00000000e8f80000,0x00000000e9d7e650,0x00000000e9d80000)
  to   space 16896K, 0% used [0x00000000e7f00000,0x00000000e7f00000,0x00000000e8f80000)
 ParOldGen       total 180736K, used 20147K [0x00000000a0000000, 0x00000000ab080000, 0x00000000e0000000)
  object space 180736K, 11% used [0x00000000a0000000,0x00000000a13acfd8,0x00000000ab080000)
 Metaspace       used 52817K, capacity 54162K, committed 54272K, reserved 1095680K
  class space    used 7020K, capacity 7396K, committed 7424K, reserved 1048576K
}
Event: 9.101 GC heap before
{Heap before GC invocations=11 (full 2):
 PSYoungGen      total 144384K, used 62307K [0x00000000e0000000, 0x00000000ea080000, 0x0000000100000000)
  eden space 130048K, 36% used [0x00000000e0000000,0x00000000e2eda7d8,0x00000000e7f00000)
  from space 14336K, 99% used [0x00000000e8f80000,0x00000000e9d7e650,0x00000000e9d80000)
  to   space 16896K, 0% used [0x00000000e7f00000,0x00000000e7f00000,0x00000000e8f80000)
 ParOldGen       total 180736K, used 20147K [0x00000000a0000000, 0x00000000ab080000, 0x00000000e0000000)
  object space 180736K, 11% used [0x00000000a0000000,0x00000000a13acfd8,0x00000000ab080000)
 Metaspace       used 57481K, capacity 59018K, committed 59096K, reserved 1099776K
  class space    used 7686K, capacity 8130K, committed 8152K, reserved 1048576K
Event: 9.125 GC heap after
Heap after GC invocations=11 (full 2):
 PSYoungGen      total 146944K, used 16284K [0x00000000e0000000, 0x00000000ec280000, 0x0000000100000000)
  eden space 130048K, 0% used [0x00000000e0000000,0x00000000e0000000,0x00000000e7f00000)
  from space 16896K, 96% used [0x00000000e7f00000,0x00000000e8ee7208,0x00000000e8f80000)
  to   space 18432K, 0% used [0x00000000eb080000,0x00000000eb080000,0x00000000ec280000)
 ParOldGen       total 180736K, used 20219K [0x00000000a0000000, 0x00000000ab080000, 0x00000000e0000000)
  object space 180736K, 11% used [0x00000000a0000000,0x00000000a13befe8,0x00000000ab080000)
 Metaspace       used 57481K, capacity 59018K, committed 59096K, reserved 1099776K
  class space    used 7686K, capacity 8130K, committed 8152K, reserved 1048576K
}
Event: 9.125 GC heap before
{Heap before GC invocations=12 (full 3):
 PSYoungGen      total 146944K, used 16284K [0x00000000e0000000, 0x00000000ec280000, 0x0000000100000000)
  eden space 130048K, 0% used [0x00000000e0000000,0x00000000e0000000,0x00000000e7f00000)
  from space 16896K, 96% used [0x00000000e7f00000,0x00000000e8ee7208,0x00000000e8f80000)
  to   space 18432K, 0% used [0x00000000eb080000,0x00000000eb080000,0x00000000ec280000)
 ParOldGen       total 180736K, used 20219K [0x00000000a0000000, 0x00000000ab080000, 0x00000000e0000000)
  object space 180736K, 11% used [0x00000000a0000000,0x00000000a13befe8,0x00000000ab080000)
 Metaspace       used 57481K, capacity 59018K, committed 59096K, reserved 1099776K
  class space    used 7686K, capacity 8130K, committed 8152K, reserved 1048576K
Event: 9.343 GC heap after
Heap after GC invocations=12 (full 3):
 PSYoungGen      total 146944K, used 0K [0x00000000e0000000, 0x00000000ec280000, 0x0000000100000000)
  eden space 130048K, 0% used [0x00000000e0000000,0x00000000e0000000,0x00000000e7f00000)
  from space 16896K, 0% used [0x00000000e7f00000,0x00000000e7f00000,0x00000000e8f80000)
  to   space 18432K, 0% used [0x00000000eb080000,0x00000000eb080000,0x00000000ec280000)
 ParOldGen       total 261120K, used 30755K [0x00000000a0000000, 0x00000000aff00000, 0x00000000e0000000)
  object space 261120K, 11% used [0x00000000a0000000,0x00000000a1e08e28,0x00000000aff00000)
 Metaspace       used 57455K, capacity 58930K, committed 59096K, reserved 1099776K
  class space    used 7679K, capacity 8122K, committed 8152K, reserved 1048576K
}
Event: 11.679 GC heap before
{Heap before GC invocations=13 (full 3):
 PSYoungGen      total 146944K, used 130048K [0x00000000e0000000, 0x00000000ec280000, 0x0000000100000000)
  eden space 130048K, 100% used [0x00000000e0000000,0x00000000e7f00000,0x00000000e7f00000)
  from space 16896K, 0% used [0x00000000e7f00000,0x00000000e7f00000,0x00000000e8f80000)
  to   space 18432K, 0% used [0x00000000eb080000,0x00000000eb080000,0x00000000ec280000)
 ParOldGen       total 261120K, used 30755K [0x00000000a0000000, 0x00000000aff00000, 0x00000000e0000000)
  object space 261120K, 11% used [0x00000000a0000000,0x00000000a1e08e28,0x00000000aff00000)
 Metaspace       used 63191K, capacity 65150K, committed 65368K, reserved 1105920K
  class space    used 8466K, capacity 8950K, committed 9048K, reserved 1048576K
Event: 11.694 GC heap after
Heap after GC invocations=13 (full 3):
 PSYoungGen      total 165888K, used 12648K [0x00000000e0000000, 0x00000000ebd00000, 0x0000000100000000)
  eden space 153088K, 0% used [0x00000000e0000000,0x00000000e0000000,0x00000000e9580000)
  from space 12800K, 98% used [0x00000000eb080000,0x00000000ebcda098,0x00000000ebd00000)
  to   space 18432K, 0% used [0x00000000e9900000,0x00000000e9900000,0x00000000eab00000)
 ParOldGen       total 261120K, used 30763K [0x00000000a0000000, 0x00000000aff00000, 0x00000000e0000000)
  object space 261120K, 11% used [0x00000000a0000000,0x00000000a1e0ae28,0x00000000aff00000)
 Metaspace       used 63191K, capacity 65150K, committed 65368K, reserved 1105920K
  class space    used 8466K, capacity 8950K, committed 9048K, reserved 1048576K
}
Event: 15.604 GC heap before
{Heap before GC invocations=14 (full 3):
 PSYoungGen      total 165888K, used 165736K [0x00000000e0000000, 0x00000000ebd00000, 0x0000000100000000)
  eden space 153088K, 100% used [0x00000000e0000000,0x00000000e9580000,0x00000000e9580000)
  from space 12800K, 98% used [0x00000000eb080000,0x00000000ebcda098,0x00000000ebd00000)
  to   space 18432K, 0% used [0x00000000e9900000,0x00000000e9900000,0x00000000eab00000)
 ParOldGen       total 261120K, used 30763K [0x00000000a0000000, 0x00000000aff00000, 0x00000000e0000000)
  object space 261120K, 11% used [0x00000000a0000000,0x00000000a1e0ae28,0x00000000aff00000)
 Metaspace       used 66003K, capacity 68090K, committed 68184K, reserved 1107968K
  class space    used 8748K, capacity 9228K, committed 9304K, reserved 1048576K
Event: 15.614 GC heap after
Heap after GC invocations=14 (full 3):
 PSYoungGen      total 175104K, used 13276K [0x00000000e0000000, 0x00000000ecf80000, 0x0000000100000000)
  eden space 156672K, 0% used [0x00000000e0000000,0x00000000e0000000,0x00000000e9900000)
  from space 18432K, 72% used [0x00000000e9900000,0x00000000ea5f7038,0x00000000eab00000)
  to   space 18432K, 0% used [0x00000000ebd80000,0x00000000ebd80000,0x00000000ecf80000)
 ParOldGen       total 261120K, used 30771K [0x00000000a0000000, 0x00000000aff00000, 0x00000000e0000000)
  object space 261120K, 11% used [0x00000000a0000000,0x00000000a1e0ce28,0x00000000aff00000)
 Metaspace       used 66003K, capacity 68090K, committed 68184K, reserved 1107968K
  class space    used 8748K, capacity 9228K, committed 9304K, reserved 1048576K
}

